2026-01-27 01:57:07,043 - [INFO] - Menginisialisasi Modules...
2026-01-27 01:57:07,259 - [CRITICAL] - Kamera tidak terdeteksi!
2026-01-27 01:57:07,259 - [INFO] - [AI] Loading Model: yolov8n.pt ...
2026-01-27 01:57:43,905 - [ERROR] - [HARDWARE] Gagal konek ke ESP32: could not open port 'COM3': FileNotFoundError(2, 'The system cannot find the file specified.', None, 2)
2026-01-27 01:57:43,907 - [INFO] - === SYSTEM READY ===
2026-01-27 02:27:16,091 - [INFO] - Menginisialisasi Modules...
2026-01-27 02:27:32,207 - [CRITICAL] - Kamera tidak terdeteksi!
2026-01-27 02:27:32,208 - [INFO] - [AI] Loading Model: yolov8n.pt ...
2026-01-27 02:27:32,344 - [ERROR] - [HARDWARE] Gagal konek ke ESP32: could not open port 'COM3': FileNotFoundError(2, 'The system cannot find the file specified.', None, 2)
2026-01-27 02:27:32,346 - [INFO] - === SYSTEM READY ===
2026-01-27 02:30:02,104 - [INFO] - Menginisialisasi Modules...
2026-01-27 02:30:03,669 - [INFO] - [AI] Loading Model: yolov8n.pt ...
2026-01-27 02:30:03,773 - [ERROR] - [HARDWARE] Gagal konek ke ESP32: could not open port 'COM3': FileNotFoundError(2, 'The system cannot find the file specified.', None, 2)
2026-01-27 02:30:03,773 - [INFO] - === SYSTEM READY ===
2026-01-27 02:34:18,503 - [INFO] - Menginisialisasi Modules...
2026-01-27 02:34:20,159 - [INFO] - [AI] Loading Model: yolov8n.pt ...
2026-01-27 02:34:20,202 - [ERROR] - [HARDWARE] Gagal konek ke ESP32: could not open port 'COM3': FileNotFoundError(2, 'The system cannot find the file specified.', None, 2)
2026-01-27 02:34:20,203 - [INFO] - === SYSTEM READY ===
2026-01-27 02:34:35,262 - [INFO] - Sesi Berakhir (Timeout). Menutup Servo...
2026-01-27 02:34:35,262 - [WARNING] - [SIMULASI] Hardware tidak ada. Perintah 'CLOSE' diabaikan.
2026-01-27 02:34:35,262 - [INFO] - Tidak ada sampah masuk. Transaksi dibatalkan.
2026-01-27 02:36:10,315 - [INFO] - Menginisialisasi Modules...
2026-01-27 02:36:11,966 - [INFO] - [AI] Loading Model: yolov8n.pt ...
2026-01-27 02:36:12,012 - [ERROR] - [HARDWARE] Gagal konek ke ESP32: could not open port 'COM3': FileNotFoundError(2, 'The system cannot find the file specified.', None, 2)
2026-01-27 02:36:12,012 - [INFO] - === SYSTEM READY ===
2026-01-27 02:36:28,961 - [INFO] - Menginisialisasi Modules...
2026-01-27 02:36:30,695 - [INFO] - [AI] Loading Model: yolov8n.pt ...
2026-01-27 02:36:30,731 - [ERROR] - [HARDWARE] Gagal konek ke ESP32: could not open port 'COM3': FileNotFoundError(2, 'The system cannot find the file specified.', None, 2)
2026-01-27 02:36:30,732 - [INFO] - === SYSTEM READY ===
2026-01-27 02:36:45,793 - [INFO] - Sesi Berakhir (Timeout). Menutup Servo...
2026-01-27 02:36:45,794 - [WARNING] - [SIMULASI] Hardware tidak ada. Perintah 'CLOSE' diabaikan.
2026-01-27 02:36:45,794 - [INFO] - Tidak ada sampah masuk. Transaksi dibatalkan.
2026-01-27 02:37:21,398 - [INFO] - Menginisialisasi Modules...
2026-01-27 02:37:23,277 - [INFO] - [AI] Loading Model: yolov8n.pt ...
2026-01-27 02:37:23,323 - [ERROR] - [HARDWARE] Gagal konek ke ESP32: could not open port 'COM3': FileNotFoundError(2, 'The system cannot find the file specified.', None, 2)
2026-01-27 02:37:23,323 - [INFO] - === SYSTEM READY ===
2026-01-27 02:37:38,355 - [INFO] - Sesi Berakhir (Timeout). Menutup Servo...
2026-01-27 02:37:38,355 - [WARNING] - [SIMULASI] Hardware tidak ada. Perintah 'CLOSE' diabaikan.
2026-01-27 02:37:38,355 - [INFO] - Tidak ada sampah masuk. Transaksi dibatalkan.
2026-01-27 02:38:58,653 - [INFO] - Menginisialisasi Modules...
2026-01-27 02:39:00,732 - [INFO] - [AI] Loading Model: yolov8n.pt ...
2026-01-27 02:39:00,787 - [ERROR] - [HARDWARE] Gagal konek ke ESP32: could not open port 'COM3': FileNotFoundError(2, 'The system cannot find the file specified.', None, 2)
2026-01-27 02:39:00,788 - [INFO] - === SYSTEM READY ===
2026-01-27 02:39:15,795 - [INFO] - Sesi Berakhir (Timeout). Menutup Servo...
2026-01-27 02:39:15,795 - [WARNING] - [SIMULASI] Hardware tidak ada. Perintah 'CLOSE' diabaikan.
2026-01-27 02:39:15,795 - [INFO] - Tidak ada sampah masuk. Transaksi dibatalkan.
2026-01-27 02:39:45,273 - [INFO] - Menginisialisasi Modules...
2026-01-27 02:39:46,967 - [INFO] - [AI] Loading Model: yolov8n.pt ...
2026-01-27 02:39:47,012 - [ERROR] - [HARDWARE] Gagal konek ke ESP32: could not open port 'COM3': FileNotFoundError(2, 'The system cannot find the file specified.', None, 2)
2026-01-27 02:39:47,013 - [INFO] - === SYSTEM READY ===
2026-01-27 02:40:50,898 - [INFO] - Menginisialisasi Modules...
2026-01-27 02:40:52,566 - [INFO] - [AI] Loading Model: yolov8n.pt ...
2026-01-27 02:40:52,613 - [ERROR] - [HARDWARE] Gagal konek ke ESP32: could not open port 'COM3': FileNotFoundError(2, 'The system cannot find the file specified.', None, 2)
2026-01-27 02:40:52,613 - [INFO] - === SYSTEM READY ===
2026-01-27 02:41:07,624 - [INFO] - Sesi Berakhir (Timeout). Menutup Servo...
2026-01-27 02:41:07,626 - [WARNING] - [SIMULASI] Hardware tidak ada. Perintah 'CLOSE' diabaikan.
2026-01-27 02:41:07,626 - [INFO] - Tidak ada sampah masuk. Transaksi dibatalkan.
2026-01-27 02:41:19,231 - [INFO] - Menginisialisasi Modules...
2026-01-27 02:41:20,903 - [INFO] - [AI] Loading Model: yolov8n.pt ...
2026-01-27 02:41:20,942 - [ERROR] - [HARDWARE] Gagal konek ke ESP32: could not open port 'COM3': FileNotFoundError(2, 'The system cannot find the file specified.', None, 2)
2026-01-27 02:41:20,943 - [INFO] - === SYSTEM READY ===
2026-01-27 02:41:35,975 - [INFO] - Sesi Berakhir (Timeout). Menutup Servo...
2026-01-27 02:41:35,977 - [WARNING] - [SIMULASI] Hardware tidak ada. Perintah 'CLOSE' diabaikan.
2026-01-27 02:41:35,977 - [INFO] - Tidak ada sampah masuk. Transaksi dibatalkan.
2026-01-27 02:42:01,426 - [INFO] - Menginisialisasi Modules...
2026-01-27 02:42:03,075 - [INFO] - [AI] Loading Model: yolov8n.pt ...
2026-01-27 02:42:03,118 - [ERROR] - [HARDWARE] Gagal konek ke ESP32: could not open port 'COM3': FileNotFoundError(2, 'The system cannot find the file specified.', None, 2)
2026-01-27 02:42:03,118 - [INFO] - === SYSTEM READY ===
2026-01-27 02:42:18,119 - [INFO] - Sesi Berakhir (Timeout). Menutup Servo...
2026-01-27 02:42:18,119 - [WARNING] - [SIMULASI] Hardware tidak ada. Perintah 'CLOSE' diabaikan.
2026-01-27 02:42:18,121 - [INFO] - Tidak ada sampah masuk. Transaksi dibatalkan.
2026-01-27 02:44:56,190 - [INFO] - Menginisialisasi Modules...
2026-01-27 02:44:57,871 - [INFO] - [AI] Loading Model: yolov8n.pt ...
2026-01-27 02:44:57,909 - [ERROR] - [HARDWARE] Gagal konek ke ESP32: could not open port 'COM3': FileNotFoundError(2, 'The system cannot find the file specified.', None, 2)
2026-01-27 02:44:57,915 - [INFO] - === SYSTEM READY ===
2026-01-27 02:45:00,872 - [INFO] - Sampah Masuk! Total Sesi: 1
2026-01-27 02:45:12,887 - [INFO] - Sampah Masuk! Total Sesi: 2
2026-01-27 02:45:27,902 - [INFO] - Sesi Berakhir (Timeout). Menutup Servo...
2026-01-27 02:45:27,904 - [WARNING] - [SIMULASI] Hardware tidak ada. Perintah 'CLOSE' diabaikan.
2026-01-27 02:45:27,904 - [INFO] - [API] Mengirim data: {'qr_code': 'USER-TESTING-MANUAL', 'total_trash': 2, 'points_earned': 100} ke http://127.0.0.1:8000/api/v1/transaction
2026-01-27 02:45:29,955 - [ERROR] - [API] Error Koneksi: HTTPConnectionPool(host='127.0.0.1', port=8000): Max retries exceeded with url: /api/v1/transaction (Caused by NewConnectionError('<urllib3.connection.HTTPConnection object at 0x0000024D6DD63D40>: Failed to establish a new connection: [WinError 10061] No connection could be made because the target machine actively refused it'))
2026-01-27 02:54:13,464 - [INFO] - Menginisialisasi Modules...
2026-01-27 02:54:15,308 - [INFO] - [AI] Loading Model: yolov8n.pt ...
2026-01-27 02:54:15,401 - [ERROR] - [HARDWARE] Gagal konek ke ESP32: could not open port 'COM3': FileNotFoundError(2, 'The system cannot find the file specified.', None, 2)
2026-01-27 02:54:15,402 - [INFO] - === SYSTEM READY ===
2026-01-27 02:54:30,418 - [INFO] - Sesi Berakhir (Timeout). Menutup Servo...
2026-01-27 02:54:30,418 - [WARNING] - [SIMULASI] Hardware tidak ada. Perintah 'CLOSE' diabaikan.
2026-01-27 02:54:30,418 - [INFO] - Tidak ada sampah masuk. Transaksi dibatalkan.
2026-01-27 02:54:54,119 - [INFO] - Menginisialisasi Modules...
2026-01-27 02:54:55,954 - [INFO] - [AI] Loading Model: yolov8n.pt ...
2026-01-27 02:54:55,993 - [ERROR] - [HARDWARE] Gagal konek ke ESP32: could not open port 'COM3': FileNotFoundError(2, 'The system cannot find the file specified.', None, 2)
2026-01-27 02:54:55,995 - [INFO] - === SYSTEM READY ===
2026-01-27 02:55:03,232 - [INFO] - Sampah Masuk! Total Sesi: 1
2026-01-27 02:55:15,231 - [INFO] - Sampah Masuk! Total Sesi: 2
2026-01-27 02:55:30,250 - [INFO] - Sesi Berakhir (Timeout). Menutup Servo...
2026-01-27 02:55:30,251 - [WARNING] - [SIMULASI] Hardware tidak ada. Perintah 'CLOSE' diabaikan.
2026-01-27 02:55:30,251 - [INFO] - [API] Mengirim data: {'qr_code': 'USER-TESTING-MANUAL', 'total_trash': 2, 'points_earned': 100} ke http://127.0.0.1:8000/api/v1/transaction
2026-01-27 02:55:32,256 - [ERROR] - [API] Error Koneksi: HTTPConnectionPool(host='127.0.0.1', port=8000): Max retries exceeded with url: /api/v1/transaction (Caused by NewConnectionError('<urllib3.connection.HTTPConnection object at 0x000001B3165F2FC0>: Failed to establish a new connection: [WinError 10061] No connection could be made because the target machine actively refused it'))
2026-01-27 13:36:08,257 - [INFO] - Menginisialisasi Modules...
2026-01-27 13:36:25,032 - [CRITICAL] - Kamera tidak terdeteksi! Cek IP DroidCam.
2026-01-27 13:36:25,032 - [INFO] - [AI] Loading Model: yolov8n.pt ...
2026-01-27 13:36:25,128 - [ERROR] - [HARDWARE] Gagal konek ke ESP32: could not open port 'COM3': FileNotFoundError(2, 'The system cannot find the file specified.', None, 2)
2026-01-27 13:36:25,130 - [INFO] - === SYSTEM READY ===
2026-01-27 19:11:03,556 - [INFO] - Menginisialisasi Modules...
2026-01-27 19:12:34,290 - [INFO] - Aplikasi dimatikan User.
2026-01-27 19:13:07,657 - [INFO] - Menginisialisasi Modules...
2026-01-27 19:13:09,987 - [INFO] - [AI] Loading Model: yolov8n.pt ...
2026-01-27 19:13:10,354 - [ERROR] - [HARDWARE] Gagal konek ke ESP32: could not open port 'COM3': FileNotFoundError(2, 'The system cannot find the file specified.', None, 2)
2026-01-27 19:13:10,356 - [INFO] - === SYSTEM READY ===
2026-01-27 19:13:44,554 - [INFO] - Sesi Berakhir (Timeout). Menutup Servo...
2026-01-27 19:13:44,555 - [WARNING] - [SIMULASI] Hardware tidak ada. Perintah 'CLOSE' diabaikan.
2026-01-27 19:13:44,556 - [INFO] - Tidak ada sampah masuk. Transaksi dibatalkan.
2026-01-27 19:14:12,999 - [INFO] - Aplikasi dimatikan User.
2026-01-27 19:14:32,140 - [INFO] - Menginisialisasi Modules...
2026-01-27 19:14:34,057 - [INFO] - [AI] Loading Model: yolov8n.pt ...
2026-01-27 19:14:34,224 - [ERROR] - [HARDWARE] Gagal konek ke ESP32: could not open port 'COM3': FileNotFoundError(2, 'The system cannot find the file specified.', None, 2)
2026-01-27 19:14:34,225 - [INFO] - === SYSTEM READY ===
2026-01-27 19:14:49,379 - [INFO] - Sesi Berakhir (Timeout). Menutup Servo...
2026-01-27 19:14:49,380 - [WARNING] - [SIMULASI] Hardware tidak ada. Perintah 'CLOSE' diabaikan.
2026-01-27 19:14:49,380 - [INFO] - Tidak ada sampah masuk. Transaksi dibatalkan.
2026-01-27 19:14:54,154 - [INFO] - Aplikasi dimatikan User.
2026-01-27 19:15:10,867 - [INFO] - Menginisialisasi Modules...
2026-01-27 19:15:12,637 - [INFO] - [AI] Loading Model: yolov8n.pt ...
2026-01-27 19:15:12,848 - [ERROR] - [HARDWARE] Gagal konek ke ESP32: could not open port 'COM3': FileNotFoundError(2, 'The system cannot find the file specified.', None, 2)
2026-01-27 19:15:12,849 - [INFO] - === SYSTEM READY ===
2026-01-27 19:15:28,071 - [INFO] - Sesi Berakhir (Timeout). Menutup Servo...
2026-01-27 19:15:28,072 - [WARNING] - [SIMULASI] Hardware tidak ada. Perintah 'CLOSE' diabaikan.
2026-01-27 19:15:28,073 - [INFO] - Tidak ada sampah masuk. Transaksi dibatalkan.
2026-01-27 19:15:33,201 - [INFO] - Aplikasi dimatikan User.
2026-01-27 19:15:53,548 - [INFO] - Menginisialisasi Modules...
2026-01-27 19:15:55,742 - [INFO] - [AI] Loading Model: yolov8n.pt ...
2026-01-27 19:15:55,903 - [ERROR] - [HARDWARE] Gagal konek ke ESP32: could not open port 'COM3': FileNotFoundError(2, 'The system cannot find the file specified.', None, 2)
2026-01-27 19:15:55,904 - [INFO] - === SYSTEM READY ===
2026-01-27 19:16:11,058 - [INFO] - Sesi Berakhir (Timeout). Menutup Servo...
2026-01-27 19:16:11,059 - [WARNING] - [SIMULASI] Hardware tidak ada. Perintah 'CLOSE' diabaikan.
2026-01-27 19:16:11,059 - [INFO] - Tidak ada sampah masuk. Transaksi dibatalkan.
2026-01-27 19:16:27,012 - [INFO] - Aplikasi dimatikan User.
2026-01-27 19:16:45,419 - [INFO] - Menginisialisasi Modules...
2026-01-27 19:16:48,928 - [INFO] - [AI] Loading Model: yolov8n.pt ...
2026-01-27 19:16:49,237 - [ERROR] - [HARDWARE] Gagal konek ke ESP32: could not open port 'COM3': FileNotFoundError(2, 'The system cannot find the file specified.', None, 2)
2026-01-27 19:16:49,237 - [INFO] - === SYSTEM READY ===
2026-01-27 19:17:04,372 - [INFO] - Sesi Berakhir (Timeout). Menutup Servo...
2026-01-27 19:17:04,374 - [WARNING] - [SIMULASI] Hardware tidak ada. Perintah 'CLOSE' diabaikan.
2026-01-27 19:17:04,374 - [INFO] - Tidak ada sampah masuk. Transaksi dibatalkan.
2026-01-27 19:17:16,219 - [INFO] - Aplikasi dimatikan User.
2026-01-27 19:17:41,729 - [INFO] - Menginisialisasi Modules...
2026-01-27 19:17:43,502 - [INFO] - [AI] Loading Model: yolov8n.pt ...
2026-01-27 19:17:43,677 - [ERROR] - [HARDWARE] Gagal konek ke ESP32: could not open port 'COM3': FileNotFoundError(2, 'The system cannot find the file specified.', None, 2)
2026-01-27 19:17:43,678 - [INFO] - === SYSTEM READY ===
2026-01-27 19:17:51,742 - [INFO] - Sampah Masuk! Total Sesi: 1
2026-01-27 19:18:06,795 - [INFO] - Sesi Berakhir (Timeout). Menutup Servo...
2026-01-27 19:18:06,797 - [WARNING] - [SIMULASI] Hardware tidak ada. Perintah 'CLOSE' diabaikan.
2026-01-27 19:18:06,797 - [INFO] - [API] Mengirim data: {'qr_code': 'USER-TESTING-MANUAL', 'total_trash': 1, 'points_earned': 50} ke http://127.0.0.1:8000/api/v1/transaction
2026-01-27 19:18:08,868 - [ERROR] - [API] Error Koneksi: HTTPConnectionPool(host='127.0.0.1', port=8000): Max retries exceeded with url: /api/v1/transaction (Caused by NewConnectionError("HTTPConnection(host='127.0.0.1', port=8000): Failed to establish a new connection: [WinError 10061] No connection could be made because the target machine actively refused it"))
2026-01-27 19:18:10,773 - [INFO] - Aplikasi dimatikan User.
2026-01-27 19:23:29,181 - [INFO] - Menginisialisasi Modules...
2026-01-27 19:23:45,266 - [CRITICAL] - Kamera tidak terdeteksi! Cek IP DroidCam.
2026-01-27 19:23:45,267 - [INFO] - [AI] Loading Model: yolov8n.pt ...
2026-01-27 19:23:45,354 - [ERROR] - [HARDWARE] Gagal konek ke ESP32: could not open port 'COM3': FileNotFoundError(2, 'The system cannot find the file specified.', None, 2)
2026-01-27 19:23:45,355 - [INFO] - === SYSTEM READY ===
2026-01-27 19:25:31,187 - [INFO] - Menginisialisasi Modules...
2026-01-27 19:25:37,271 - [INFO] - [KAMERA] Kamera fisik berhasil terhubung.
2026-01-27 19:25:37,271 - [INFO] - [AI] Loading Model: yolov8n.pt ...
2026-01-27 19:25:37,339 - [ERROR] - [HARDWARE] Gagal konek ke ESP32: could not open port 'COM3': FileNotFoundError(2, 'The system cannot find the file specified.', None, 2)
2026-01-27 19:25:37,340 - [INFO] - === SYSTEM READY ===
2026-01-27 19:25:37,519 - [WARNING] - Gagal membaca frame dari kamera.
2026-01-27 19:27:04,082 - [INFO] - Menginisialisasi Modules...
2026-01-27 19:27:04,082 - [INFO] - [SYSTEM] Mendeteksi OS: Windows
2026-01-27 19:27:04,596 - [INFO] - [KAMERA] Kamera berhasil terhubung.
2026-01-27 19:27:04,597 - [INFO] - [AI] Loading Model: yolov8n.pt ...
2026-01-27 19:27:04,639 - [ERROR] - [HARDWARE] Gagal konek ke ESP32: could not open port 'COM3': FileNotFoundError(2, 'The system cannot find the file specified.', None, 2)
2026-01-27 19:27:04,639 - [INFO] - === SYSTEM READY ===
2026-01-27 19:27:20,449 - [INFO] - Sesi Berakhir (Timeout). Menutup Servo...
2026-01-27 19:27:20,450 - [WARNING] - [SIMULASI] Hardware tidak ada. Perintah 'CLOSE' diabaikan.
2026-01-27 19:27:20,450 - [INFO] - Tidak ada sampah masuk. Transaksi dibatalkan.
2026-01-27 19:32:09,096 - [INFO] - Aplikasi dimatikan User.
2026-01-27 19:32:21,004 - [INFO] - Menginisialisasi Modules...
2026-01-27 19:32:21,005 - [INFO] - [SYSTEM] Mendeteksi OS: Windows
2026-01-27 19:32:21,437 - [INFO] - [KAMERA] Kamera berhasil terhubung.
2026-01-27 19:32:21,437 - [INFO] - [AI] Loading Model: yolov8n.pt ...
2026-01-27 19:32:21,507 - [ERROR] - [HARDWARE] Gagal konek ke ESP32: could not open port 'COM3': FileNotFoundError(2, 'The system cannot find the file specified.', None, 2)
2026-01-27 19:32:21,507 - [INFO] - === SYSTEM READY ===
2026-01-27 19:32:36,717 - [INFO] - Sesi Berakhir (Timeout). Menutup Servo...
2026-01-27 19:32:36,717 - [WARNING] - [SIMULASI] Hardware tidak ada. Perintah 'CLOSE' diabaikan.
2026-01-27 19:32:36,717 - [INFO] - Tidak ada sampah masuk. Transaksi dibatalkan.
2026-01-27 19:36:16,924 - [INFO] - Aplikasi dimatikan User.
2026-01-27 19:36:24,079 - [INFO] - Menginisialisasi Modules...
2026-01-27 19:36:24,080 - [INFO] - [SYSTEM] Mendeteksi OS: Windows
2026-01-27 19:36:24,509 - [INFO] - [KAMERA] Kamera berhasil terhubung.
2026-01-27 19:36:24,510 - [INFO] - [AI] Loading Model: yolov8n.pt ...
2026-01-27 19:36:24,586 - [ERROR] - [HARDWARE] Gagal konek ke ESP32: could not open port 'COM3': FileNotFoundError(2, 'The system cannot find the file specified.', None, 2)
2026-01-27 19:36:24,586 - [INFO] - === SYSTEM READY ===
2026-01-27 19:36:40,120 - [INFO] - Sesi Berakhir (Timeout). Menutup Servo...
2026-01-27 19:36:40,120 - [WARNING] - [SIMULASI] Hardware tidak ada. Perintah 'CLOSE' diabaikan.
2026-01-27 19:36:40,120 - [INFO] - Tidak ada sampah masuk. Transaksi dibatalkan.
2026-01-27 19:39:26,300 - [INFO] - Aplikasi dimatikan User.
2026-01-27 19:39:33,875 - [INFO] - Menginisialisasi Modules...
2026-01-27 19:39:33,876 - [INFO] - [SYSTEM] Mendeteksi OS: Windows
2026-01-27 19:39:34,136 - [INFO] - [KAMERA] Kamera berhasil terhubung.
2026-01-27 19:39:34,137 - [INFO] - [AI] Loading Model: yolov8n.pt ...
2026-01-27 19:39:34,203 - [ERROR] - [HARDWARE] Gagal konek ke ESP32: could not open port 'COM3': FileNotFoundError(2, 'The system cannot find the file specified.', None, 2)
2026-01-27 19:39:34,203 - [INFO] - === SYSTEM READY ===
2026-01-27 19:39:49,552 - [INFO] - Sesi Berakhir (Timeout). Menutup Servo...
2026-01-27 19:39:49,553 - [WARNING] - [SIMULASI] Hardware tidak ada. Perintah 'CLOSE' diabaikan.
2026-01-27 19:39:49,553 - [INFO] - Tidak ada sampah masuk. Transaksi dibatalkan.
2026-01-27 19:40:00,665 - [INFO] - Aplikasi dimatikan User.
2026-01-27 19:41:16,905 - [INFO] - Menginisialisasi Modules...
2026-01-27 19:41:16,906 - [INFO] - [SYSTEM] Mendeteksi OS: Windows
2026-01-27 19:41:17,324 - [INFO] - [KAMERA] Kamera berhasil terhubung.
2026-01-27 19:41:17,324 - [INFO] - [AI] Loading Model: yolov8n.pt ...
2026-01-27 19:41:17,365 - [ERROR] - [HARDWARE] Gagal konek ke ESP32: could not open port 'COM3': FileNotFoundError(2, 'The system cannot find the file specified.', None, 2)
2026-01-27 19:41:17,366 - [INFO] - === SYSTEM READY ===
2026-01-27 19:41:33,411 - [INFO] - Sesi Berakhir (Timeout). Menutup Servo...
2026-01-27 19:41:33,411 - [WARNING] - [SIMULASI] Hardware tidak ada. Perintah 'CLOSE' diabaikan.
2026-01-27 19:41:33,411 - [INFO] - Tidak ada sampah masuk. Transaksi dibatalkan.
2026-01-27 19:41:38,458 - [INFO] - Aplikasi dimatikan User.
2026-01-27 19:41:46,520 - [INFO] - Menginisialisasi Modules...
2026-01-27 19:41:46,520 - [INFO] - [SYSTEM] Mendeteksi OS: Windows
2026-01-27 19:41:46,797 - [INFO] - [KAMERA] Kamera berhasil terhubung.
2026-01-27 19:41:46,798 - [INFO] - [AI] Loading Model: yolov8n.pt ...
2026-01-27 19:41:46,836 - [ERROR] - [HARDWARE] Gagal konek ke ESP32: could not open port 'COM3': FileNotFoundError(2, 'The system cannot find the file specified.', None, 2)
2026-01-27 19:41:46,836 - [INFO] - === SYSTEM READY ===
2026-01-27 19:42:01,864 - [INFO] - Sesi Berakhir (Timeout). Menutup Servo...
2026-01-27 19:42:01,865 - [WARNING] - [SIMULASI] Hardware tidak ada. Perintah 'CLOSE' diabaikan.
2026-01-27 19:42:01,865 - [INFO] - Tidak ada sampah masuk. Transaksi dibatalkan.
2026-01-27 19:42:06,905 - [INFO] - Aplikasi dimatikan User.
2026-01-27 19:46:01,916 - [INFO] - Menginisialisasi Modules...
2026-01-27 19:46:01,917 - [INFO] - [KAMERA] Menginisialisasi Kamera Kabel (CSI)...
2026-01-27 19:46:03,931 - [CRITICAL] - KAMERA TIDAK TERDETEKSI!
2026-01-27 19:46:03,931 - [CRITICAL] - Tips: Pastikan 'Legacy Camera' sudah ENABLE di raspi-config.
2026-01-27 19:46:03,931 - [CRITICAL] - Tips: Pastikan sisi biru/metal kabel menghadap port LAN/USB (untuk Pi 3/4).
2026-01-27 19:46:03,931 - [INFO] - [AI] Loading Model: yolov8n.pt ...
2026-01-27 19:46:03,969 - [ERROR] - [HARDWARE] Gagal konek ke ESP32: could not open port 'COM3': FileNotFoundError(2, 'The system cannot find the file specified.', None, 2)
2026-01-27 19:46:03,969 - [INFO] - === SYSTEM READY ===
2026-01-27 19:47:07,678 - [INFO] - Menginisialisasi Modules...
2026-01-27 19:47:07,678 - [INFO] - [SYSTEM] Mendeteksi OS: Windows
2026-01-27 19:47:07,678 - [INFO] - [KAMERA] Mode Laptop: Mencoba Webcam USB...
2026-01-27 19:47:08,086 - [WARNING] - [KAMERA] Webcam index 1 gagal. Mencoba index 0...
2026-01-27 19:47:08,530 - [INFO] - [KAMERA] Berhasil terhubung (OS: Windows).
2026-01-27 19:47:08,530 - [INFO] - [AI] Loading Model: yolov8n.pt ...
2026-01-27 19:47:08,603 - [ERROR] - [HARDWARE] Gagal konek ke ESP32: could not open port 'COM3': FileNotFoundError(2, 'The system cannot find the file specified.', None, 2)
2026-01-27 19:47:08,604 - [INFO] - === SYSTEM READY ===
2026-01-27 19:47:24,384 - [INFO] - Sesi Berakhir (Timeout). Menutup Servo...
2026-01-27 19:47:24,386 - [WARNING] - [SIMULASI] Hardware tidak ada. Perintah 'CLOSE' diabaikan.
2026-01-27 19:47:24,386 - [INFO] - Tidak ada sampah masuk. Transaksi dibatalkan.
2026-01-27 19:48:15,768 - [INFO] - Aplikasi dimatikan User.
2026-01-27 19:48:43,839 - [INFO] - Menginisialisasi Modules...
2026-01-27 19:48:43,839 - [INFO] - [SYSTEM] Mendeteksi OS: Windows
2026-01-27 19:48:43,839 - [INFO] - [KAMERA] Mode Laptop: Mencoba Webcam USB...
2026-01-27 19:48:43,970 - [WARNING] - [KAMERA] Webcam index 1 gagal. Mencoba index 0...
2026-01-27 19:48:44,181 - [INFO] - [KAMERA] Berhasil terhubung (OS: Windows).
2026-01-27 19:48:44,181 - [INFO] - [AI] Loading Model: yolov8n.pt ...
2026-01-27 19:48:44,259 - [ERROR] - [HARDWARE] Gagal konek ke ESP32: could not open port 'COM3': FileNotFoundError(2, 'The system cannot find the file specified.', None, 2)
2026-01-27 19:48:44,260 - [INFO] - === SYSTEM READY ===
2026-01-27 19:48:59,748 - [INFO] - Sesi Berakhir (Timeout). Menutup Servo...
2026-01-27 19:48:59,749 - [WARNING] - [SIMULASI] Hardware tidak ada. Perintah 'CLOSE' diabaikan.
2026-01-27 19:48:59,749 - [INFO] - Tidak ada sampah masuk. Transaksi dibatalkan.
2026-01-27 19:50:45,151 - [INFO] - Aplikasi dimatikan User.
2026-01-27 19:50:54,945 - [INFO] - Menginisialisasi Modules...
2026-01-27 19:50:54,945 - [INFO] - [SYSTEM] Mendeteksi OS: Windows
2026-01-27 19:50:54,945 - [INFO] - [KAMERA] Mode Laptop: Mencoba Webcam USB...
2026-01-27 19:50:55,037 - [WARNING] - [KAMERA] Webcam index 1 gagal. Mencoba index 0...
2026-01-27 19:50:55,375 - [INFO] - [KAMERA] Berhasil terhubung (OS: Windows).
2026-01-27 19:50:55,376 - [INFO] - [AI] Loading Model: yolov8n.pt ...
2026-01-27 19:50:55,452 - [ERROR] - [HARDWARE] Gagal konek ke ESP32: could not open port 'COM3': FileNotFoundError(2, 'The system cannot find the file specified.', None, 2)
2026-01-27 19:50:55,453 - [INFO] - === SYSTEM READY ===
2026-01-27 19:51:06,329 - [INFO] - Aplikasi dimatikan User.
